android/app/build/intermediates/manifest_merge_blame_file/debug/manifest-merger-blame-debug-report.txt
1<?xml version="1.0" encoding="utf-8"?>
2<manifest xmlns:android="http://schemas.android.com/apk/res/android"
3    package="com.ujacoin"
4    android:versionCode="1"
5    android:versionName="1.0" >
6
7    <uses-sdk
8        android:minSdkVersion="21"
9        android:targetSdkVersion="30" />
10
11    <uses-permission android:name="android.permission.SYSTEM_ALERT_WINDOW" />
11-->src\debug\AndroidManifest.xml:5:5-77
11-->src\debug\AndroidManifest.xml:5:22-75
12    <uses-permission android:name="android.permission.INTERNET" />
12-->src\main\AndroidManifest.xml:4:5-67
12-->src\main\AndroidManifest.xml:4:22-64
13    <uses-permission android:name="android.permission.CAMERA" />
13-->src\main\AndroidManifest.xml:5:5-65
13-->src\main\AndroidManifest.xml:5:22-62
14    <uses-permission android:name="android.permission.WRITE_EXTERNAL_STORAGE" />
14-->src\main\AndroidManifest.xml:7:5-81
14-->src\main\AndroidManifest.xml:7:22-78
15    <uses-permission android:name="android.permission.ACCESS_NETWORK_STATE" />
15-->src\main\AndroidManifest.xml:6:5-79
15-->src\main\AndroidManifest.xml:6:22-76
16    <uses-permission android:name="android.permission.READ_EXTERNAL_STORAGE" />
16-->src\main\AndroidManifest.xml:8:5-80
16-->src\main\AndroidManifest.xml:8:22-77
17    <uses-permission android:name="android.permission.DOWNLOAD_WITHOUT_NOTIFICATION" />
17-->src\main\AndroidManifest.xml:9:5-88
17-->src\main\AndroidManifest.xml:9:22-85
18    <uses-permission android:name="android.permission.ACCESS_WIFI_STATE" />
18-->[com.facebook.flipper:flipper:0.99.0] AndroidManifest.xml:16:5-76
18-->[com.facebook.flipper:flipper:0.99.0] AndroidManifest.xml:16:22-73
19    <uses-permission android:name="android.permission.WAKE_LOCK" />
19-->[:react-native-firebase_messaging] AndroidManifest.xml:10:5-68
19-->[:react-native-firebase_messaging] AndroidManifest.xml:10:22-65
20
21    <queries>
21-->[:react-native-image-crop-picker] AndroidManifest.xml:9:5-13:15
22        <intent>
22-->[:react-native-image-crop-picker] AndroidManifest.xml:10:9-12:18
23            <action android:name="android.media.action.IMAGE_CAPTURE" />
23-->[:react-native-image-crop-picker] AndroidManifest.xml:11:13-73
23-->[:react-native-image-crop-picker] AndroidManifest.xml:11:21-70
24        </intent>
25    </queries> <!-- Required to access Google Play Licensing -->
26    <uses-permission android:name="com.android.vending.CHECK_LICENSE" />
26-->[:rn-fetch-blob] AndroidManifest.xml:10:5-73
26-->[:rn-fetch-blob] AndroidManifest.xml:10:22-70
27    <uses-permission android:name="android.permission.POST_NOTIFICATIONS" /> <!-- Required by older versions of Google Play services to create IID tokens -->
27-->[com.google.firebase:firebase-messaging:23.0.8] AndroidManifest.xml:26:5-77
27-->[com.google.firebase:firebase-messaging:23.0.8] AndroidManifest.xml:26:22-74
28    <uses-permission android:name="com.google.android.c2dm.permission.RECEIVE" />
28-->[com.google.firebase:firebase-messaging:23.0.8] AndroidManifest.xml:29:5-82
28-->[com.google.firebase:firebase-messaging:23.0.8] AndroidManifest.xml:29:22-79
29    <uses-permission android:name="com.google.android.gms.permission.AD_ID" />
29-->[com.google.android.gms:play-services-measurement-api:21.1.1] AndroidManifest.xml:25:5-79
29-->[com.google.android.gms:play-services-measurement-api:21.1.1] AndroidManifest.xml:25:22-76
30    <uses-permission android:name="com.google.android.finsky.permission.BIND_GET_INSTALL_REFERRER_SERVICE" />
30-->[com.google.android.gms:play-services-measurement:21.1.1] AndroidManifest.xml:26:5-110
30-->[com.google.android.gms:play-services-measurement:21.1.1] AndroidManifest.xml:26:22-107
31
32    <application
32-->src\main\AndroidManifest.xml:12:5-32:19
33        android:name="com.ujacoin.MainApplication"
33-->src\main\AndroidManifest.xml:13:7-49
34        android:allowBackup="false"
34-->src\main\AndroidManifest.xml:17:7-34
35        android:appComponentFactory="androidx.core.app.CoreComponentFactory"
35-->[androidx.core:core:1.6.0] AndroidManifest.xml:24:18-86
36        android:debuggable="true"
37        android:icon="@mipmap/ic_launcher"
37-->src\main\AndroidManifest.xml:15:7-41
38        android:label="@string/app_name"
38-->src\main\AndroidManifest.xml:14:7-39
39        android:roundIcon="@mipmap/ic_launcher_round"
39-->src\main\AndroidManifest.xml:16:7-52
40        android:theme="@style/AppTheme"
40-->src\main\AndroidManifest.xml:19:7-38
41        android:usesCleartextTraffic="true" >
41-->src\main\AndroidManifest.xml:18:7-42
42        <activity android:name="com.facebook.react.devsupport.DevSettingsActivity" />
42-->src\debug\AndroidManifest.xml:13:9-86
42-->src\debug\AndroidManifest.xml:13:19-83
43        <activity
43-->src\main\AndroidManifest.xml:20:7-31:18
44            android:name="com.ujacoin.MainActivity"
44-->src\main\AndroidManifest.xml:21:9-48
45            android:configChanges="keyboard|keyboardHidden|orientation|screenSize|uiMode"
45-->src\main\AndroidManifest.xml:23:9-86
46            android:label="@string/app_name"
46-->src\main\AndroidManifest.xml:22:9-41
47            android:launchMode="singleTask"
47-->src\main\AndroidManifest.xml:24:9-40
48            android:windowSoftInputMode="adjustResize" >
48-->src\main\AndroidManifest.xml:25:9-51
49            <intent-filter>
49-->src\main\AndroidManifest.xml:26:9-30:25
50                <action android:name="android.intent.action.MAIN" />
50-->src\main\AndroidManifest.xml:27:13-65
50-->src\main\AndroidManifest.xml:27:21-62
51
52                <category android:name="android.intent.category.LAUNCHER" />
52-->src\main\AndroidManifest.xml:28:13-73
52-->src\main\AndroidManifest.xml:28:23-70
53
54                <action android:name="android.intent.action.DOWNLOAD_COMPLETE" />
54-->src\main\AndroidManifest.xml:29:13-77
54-->src\main\AndroidManifest.xml:29:21-75
55            </intent-filter>
56        </activity>
57
58        <service android:name="io.invertase.firebase.messaging.ReactNativeFirebaseMessagingHeadlessService" />
58-->[:react-native-firebase_messaging] AndroidManifest.xml:14:9-111
58-->[:react-native-firebase_messaging] AndroidManifest.xml:14:18-108
59        <service
59-->[:react-native-firebase_messaging] AndroidManifest.xml:15:9-21:19
60            android:name="io.invertase.firebase.messaging.ReactNativeFirebaseMessagingService"
60-->[:react-native-firebase_messaging] AndroidManifest.xml:16:13-95
61            android:exported="false" >
61-->[:react-native-firebase_messaging] AndroidManifest.xml:17:13-37
62            <intent-filter>
62-->[:react-native-firebase_messaging] AndroidManifest.xml:18:13-20:29
63                <action android:name="com.google.firebase.MESSAGING_EVENT" />
63-->[:react-native-firebase_messaging] AndroidManifest.xml:19:17-78
63-->[:react-native-firebase_messaging] AndroidManifest.xml:19:25-75
64            </intent-filter>
65        </service>
66
67        <receiver
67-->[:react-native-firebase_messaging] AndroidManifest.xml:23:9-30:20
68            android:name="io.invertase.firebase.messaging.ReactNativeFirebaseMessagingReceiver"
68-->[:react-native-firebase_messaging] AndroidManifest.xml:24:13-96
69            android:exported="true"
69-->[:react-native-firebase_messaging] AndroidManifest.xml:25:13-36
70            android:permission="com.google.android.c2dm.permission.SEND" >
70-->[:react-native-firebase_messaging] AndroidManifest.xml:26:13-73
71            <intent-filter>
71-->[:react-native-firebase_messaging] AndroidManifest.xml:27:13-29:29
72                <action android:name="com.google.android.c2dm.intent.RECEIVE" />
72-->[:react-native-firebase_messaging] AndroidManifest.xml:28:17-81
72-->[:react-native-firebase_messaging] AndroidManifest.xml:28:25-78
73            </intent-filter>
74        </receiver>
75
76        <meta-data
76-->[:react-native-firebase_messaging] AndroidManifest.xml:32:9-34:36
77            android:name="firebase_messaging_auto_init_enabled"
77-->[:react-native-firebase_messaging] AndroidManifest.xml:33:13-64
78            android:value="true" />
78-->[:react-native-firebase_messaging] AndroidManifest.xml:34:13-33
79        <meta-data
79-->[:react-native-firebase_messaging] AndroidManifest.xml:35:9-37:32
80            android:name="com.google.firebase.messaging.default_notification_channel_id"
80-->[:react-native-firebase_messaging] AndroidManifest.xml:36:13-89
81            android:value="" />
81-->[:react-native-firebase_messaging] AndroidManifest.xml:37:13-29
82        <meta-data
82-->[:react-native-firebase_messaging] AndroidManifest.xml:38:9-40:47
83            android:name="com.google.firebase.messaging.default_notification_color"
83-->[:react-native-firebase_messaging] AndroidManifest.xml:39:13-84
84            android:resource="@color/white" />
84-->[:react-native-firebase_messaging] AndroidManifest.xml:40:13-44
85        <meta-data
85-->[:react-native-firebase_app] AndroidManifest.xml:11:9-13:36
86            android:name="app_data_collection_default_enabled"
86-->[:react-native-firebase_app] AndroidManifest.xml:12:13-63
87            android:value="true" />
87-->[:react-native-firebase_app] AndroidManifest.xml:13:13-33
88
89        <service
89-->[:react-native-firebase_app] AndroidManifest.xml:15:9-23:19
90            android:name="com.google.firebase.components.ComponentDiscoveryService"
90-->[:react-native-firebase_app] AndroidManifest.xml:16:13-84
91            android:directBootAware="true"
91-->[:react-native-firebase_app] AndroidManifest.xml:17:13-43
92            android:exported="false" >
92-->[:react-native-firebase_app] AndroidManifest.xml:18:13-37
93            <meta-data
93-->[:react-native-firebase_app] AndroidManifest.xml:20:13-22:85
94                android:name="com.google.firebase.components:io.invertase.firebase.app.ReactNativeFirebaseAppRegistrar"
94-->[:react-native-firebase_app] AndroidManifest.xml:21:17-120
95                android:value="com.google.firebase.components.ComponentRegistrar" />
95-->[:react-native-firebase_app] AndroidManifest.xml:22:17-82
96            <meta-data
96-->[com.google.firebase:firebase-messaging:23.0.8] AndroidManifest.xml:56:13-58:85
97                android:name="com.google.firebase.components:com.google.firebase.messaging.FirebaseMessagingRegistrar"
97-->[com.google.firebase:firebase-messaging:23.0.8] AndroidManifest.xml:57:17-119
98                android:value="com.google.firebase.components.ComponentRegistrar" />
98-->[com.google.firebase:firebase-messaging:23.0.8] AndroidManifest.xml:58:17-82
99            <meta-data
99-->[com.google.firebase:firebase-datatransport:18.1.6] AndroidManifest.xml:28:13-30:85
100                android:name="com.google.firebase.components:com.google.firebase.datatransport.TransportRegistrar"
100-->[com.google.firebase:firebase-datatransport:18.1.6] AndroidManifest.xml:29:17-115
101                android:value="com.google.firebase.components.ComponentRegistrar" />
101-->[com.google.firebase:firebase-datatransport:18.1.6] AndroidManifest.xml:30:17-82
102            <meta-data
102-->[com.google.firebase:firebase-firestore:24.3.1] AndroidManifest.xml:20:13-22:85
103                android:name="com.google.firebase.components:com.google.firebase.firestore.FirestoreRegistrar"
103-->[com.google.firebase:firebase-firestore:24.3.1] AndroidManifest.xml:21:17-111
104                android:value="com.google.firebase.components.ComponentRegistrar" />
104-->[com.google.firebase:firebase-firestore:24.3.1] AndroidManifest.xml:22:17-82
105            <meta-data
105-->[com.google.android.gms:play-services-measurement-api:21.1.1] AndroidManifest.xml:31:13-33:85
106                android:name="com.google.firebase.components:com.google.firebase.analytics.connector.internal.AnalyticsConnectorRegistrar"
106-->[com.google.android.gms:play-services-measurement-api:21.1.1] AndroidManifest.xml:32:17-139
107                android:value="com.google.firebase.components.ComponentRegistrar" />
107-->[com.google.android.gms:play-services-measurement-api:21.1.1] AndroidManifest.xml:33:17-82
108            <meta-data
108-->[com.google.firebase:firebase-installations:17.0.3] AndroidManifest.xml:18:13-20:85
109                android:name="com.google.firebase.components:com.google.firebase.installations.FirebaseInstallationsRegistrar"
109-->[com.google.firebase:firebase-installations:17.0.3] AndroidManifest.xml:19:17-127
110                android:value="com.google.firebase.components.ComponentRegistrar" />
110-->[com.google.firebase:firebase-installations:17.0.3] AndroidManifest.xml:20:17-82
111        </service>
112
113        <provider
113-->[:react-native-firebase_app] AndroidManifest.xml:25:9-29:38
114            android:name="io.invertase.firebase.app.ReactNativeFirebaseAppInitProvider"
114-->[:react-native-firebase_app] AndroidManifest.xml:26:13-88
115            android:authorities="com.ujacoin.reactnativefirebaseappinitprovider"
115-->[:react-native-firebase_app] AndroidManifest.xml:27:13-86
116            android:exported="false"
116-->[:react-native-firebase_app] AndroidManifest.xml:28:13-37
117            android:initOrder="99" />
117-->[:react-native-firebase_app] AndroidManifest.xml:29:13-35
118        <provider
118-->[:react-native-image-picker] AndroidManifest.xml:10:9-18:20
119            android:name="com.imagepicker.ImagePickerProvider"
119-->[:react-native-image-picker] AndroidManifest.xml:11:13-63
120            android:authorities="com.ujacoin.imagepickerprovider"
120-->[:react-native-image-picker] AndroidManifest.xml:12:13-71
121            android:exported="false"
121-->[:react-native-image-picker] AndroidManifest.xml:13:13-37
122            android:grantUriPermissions="true" >
122-->[:react-native-image-picker] AndroidManifest.xml:14:13-47
123            <meta-data
123-->[:react-native-image-picker] AndroidManifest.xml:15:13-17:70
124                android:name="android.support.FILE_PROVIDER_PATHS"
124-->[:react-native-image-picker] AndroidManifest.xml:16:17-67
125                android:resource="@xml/imagepicker_provider_paths" />
125-->[:react-native-image-picker] AndroidManifest.xml:17:17-67
126        </provider>
127        <provider
127-->[:react-native-image-crop-picker] AndroidManifest.xml:18:9-26:20
128            android:name="androidx.core.content.FileProvider"
128-->[:react-native-image-crop-picker] AndroidManifest.xml:19:13-62
129            android:authorities="com.ujacoin.provider"
129-->[:react-native-image-crop-picker] AndroidManifest.xml:20:13-60
130            android:exported="false"
130-->[:react-native-image-crop-picker] AndroidManifest.xml:21:13-37
131            android:grantUriPermissions="true" >
131-->[:react-native-image-crop-picker] AndroidManifest.xml:22:13-47
132            <meta-data
132-->[:react-native-image-picker] AndroidManifest.xml:15:13-17:70
133                android:name="android.support.FILE_PROVIDER_PATHS"
133-->[:react-native-image-picker] AndroidManifest.xml:16:17-67
134                android:resource="@xml/provider_paths" />
134-->[:react-native-image-picker] AndroidManifest.xml:17:17-67
135        </provider>
136
137        <activity
137-->[:react-native-image-crop-picker] AndroidManifest.xml:28:9-30:72
138            android:name="com.yalantis.ucrop.UCropActivity"
138-->[:react-native-image-crop-picker] AndroidManifest.xml:29:13-60
139            android:theme="@style/Theme.AppCompat.Light.NoActionBar" />
139-->[:react-native-image-crop-picker] AndroidManifest.xml:30:13-69
140
141        <provider
141-->[:react-native-webview] AndroidManifest.xml:10:9-18:20
142            android:name="com.reactnativecommunity.webview.RNCWebViewFileProvider"
142-->[:react-native-webview] AndroidManifest.xml:11:13-83
143            android:authorities="com.ujacoin.fileprovider"
143-->[:react-native-webview] AndroidManifest.xml:12:13-64
144            android:exported="false"
144-->[:react-native-webview] AndroidManifest.xml:13:13-37
145            android:grantUriPermissions="true" >
145-->[:react-native-webview] AndroidManifest.xml:14:13-47
146            <meta-data
146-->[:react-native-image-picker] AndroidManifest.xml:15:13-17:70
147                android:name="android.support.FILE_PROVIDER_PATHS"
147-->[:react-native-image-picker] AndroidManifest.xml:16:17-67
148                android:resource="@xml/file_provider_paths" />
148-->[:react-native-image-picker] AndroidManifest.xml:17:17-67
149        </provider>
150        <provider
150-->[:rn-fetch-blob] AndroidManifest.xml:34:9-42:20
151            android:name="com.RNFetchBlob.Utils.FileProvider"
151-->[:rn-fetch-blob] AndroidManifest.xml:35:13-62
152            android:authorities="com.ujacoin.provider"
152-->[:rn-fetch-blob] AndroidManifest.xml:36:13-60
153            android:exported="false"
153-->[:rn-fetch-blob] AndroidManifest.xml:37:13-37
154            android:grantUriPermissions="true" >
154-->[:rn-fetch-blob] AndroidManifest.xml:38:13-47
155            <meta-data
155-->[:react-native-image-picker] AndroidManifest.xml:15:13-17:70
156                android:name="android.support.FILE_PROVIDER_PATHS"
156-->[:react-native-image-picker] AndroidManifest.xml:16:17-67
157                android:resource="@xml/provider_paths" />
157-->[:react-native-image-picker] AndroidManifest.xml:17:17-67
158        </provider>
159
160        <receiver
160-->[com.google.firebase:firebase-messaging:23.0.8] AndroidManifest.xml:32:9-39:20
161            android:name="com.google.firebase.iid.FirebaseInstanceIdReceiver"
161-->[com.google.firebase:firebase-messaging:23.0.8] AndroidManifest.xml:33:13-78
162            android:exported="true"
162-->[com.google.firebase:firebase-messaging:23.0.8] AndroidManifest.xml:34:13-36
163            android:permission="com.google.android.c2dm.permission.SEND" >
163-->[com.google.firebase:firebase-messaging:23.0.8] AndroidManifest.xml:35:13-73
164            <intent-filter>
164-->[:react-native-firebase_messaging] AndroidManifest.xml:27:13-29:29
165                <action android:name="com.google.android.c2dm.intent.RECEIVE" />
165-->[:react-native-firebase_messaging] AndroidManifest.xml:28:17-81
165-->[:react-native-firebase_messaging] AndroidManifest.xml:28:25-78
166            </intent-filter>
167        </receiver>
168        <!--
169             FirebaseMessagingService performs security checks at runtime,
170             but set to not exported to explicitly avoid allowing another app to call it.
171        -->
172        <service
172-->[com.google.firebase:firebase-messaging:23.0.8] AndroidManifest.xml:45:9-52:19
173            android:name="com.google.firebase.messaging.FirebaseMessagingService"
173-->[com.google.firebase:firebase-messaging:23.0.8] AndroidManifest.xml:46:13-82
174            android:directBootAware="true"
174-->[com.google.firebase:firebase-messaging:23.0.8] AndroidManifest.xml:47:13-43
175            android:exported="false" >
175-->[com.google.firebase:firebase-messaging:23.0.8] AndroidManifest.xml:48:13-37
176            <intent-filter android:priority="-500" >
176-->[:react-native-firebase_messaging] AndroidManifest.xml:18:13-20:29
177                <action android:name="com.google.firebase.MESSAGING_EVENT" />
177-->[:react-native-firebase_messaging] AndroidManifest.xml:19:17-78
177-->[:react-native-firebase_messaging] AndroidManifest.xml:19:25-75
178            </intent-filter>
179        </service>
180        <service
180-->[com.google.android.datatransport:transport-backend-cct:3.1.7] AndroidManifest.xml:29:9-35:19
181            android:name="com.google.android.datatransport.runtime.backends.TransportBackendDiscovery"
181-->[com.google.android.datatransport:transport-backend-cct:3.1.7] AndroidManifest.xml:30:13-103
182            android:exported="false" >
182-->[com.google.android.datatransport:transport-backend-cct:3.1.7] AndroidManifest.xml:31:13-37
183            <meta-data
183-->[com.google.android.datatransport:transport-backend-cct:3.1.7] AndroidManifest.xml:32:13-34:39
184                android:name="backend:com.google.android.datatransport.cct.CctBackendFactory"
184-->[com.google.android.datatransport:transport-backend-cct:3.1.7] AndroidManifest.xml:33:17-94
185                android:value="cct" />
185-->[com.google.android.datatransport:transport-backend-cct:3.1.7] AndroidManifest.xml:34:17-36
186        </service>
187        <service
187-->[com.google.android.datatransport:transport-runtime:3.1.7] AndroidManifest.xml:26:9-30:19
188            android:name="com.google.android.datatransport.runtime.scheduling.jobscheduling.JobInfoSchedulerService"
188-->[com.google.android.datatransport:transport-runtime:3.1.7] AndroidManifest.xml:27:13-117
189            android:exported="false"
189-->[com.google.android.datatransport:transport-runtime:3.1.7] AndroidManifest.xml:28:13-37
190            android:permission="android.permission.BIND_JOB_SERVICE" >
190-->[com.google.android.datatransport:transport-runtime:3.1.7] AndroidManifest.xml:29:13-69
191        </service>
192
193        <receiver
193-->[com.google.android.datatransport:transport-runtime:3.1.7] AndroidManifest.xml:32:9-34:40
194            android:name="com.google.android.datatransport.runtime.scheduling.jobscheduling.AlarmManagerSchedulerBroadcastReceiver"
194-->[com.google.android.datatransport:transport-runtime:3.1.7] AndroidManifest.xml:33:13-132
195            android:exported="false" />
195-->[com.google.android.datatransport:transport-runtime:3.1.7] AndroidManifest.xml:34:13-37
196
197        <provider
197-->[com.google.firebase:firebase-common:20.1.2] AndroidManifest.xml:26:9-31:39
198            android:name="com.google.firebase.provider.FirebaseInitProvider"
198-->[com.google.firebase:firebase-common:20.1.2] AndroidManifest.xml:27:13-77
199            android:authorities="com.ujacoin.firebaseinitprovider"
199-->[com.google.firebase:firebase-common:20.1.2] AndroidManifest.xml:28:13-72
200            android:directBootAware="true"
200-->[com.google.firebase:firebase-common:20.1.2] AndroidManifest.xml:29:13-43
201            android:exported="false"
201-->[com.google.firebase:firebase-common:20.1.2] AndroidManifest.xml:30:13-37
202            android:initOrder="100" />
202-->[com.google.firebase:firebase-common:20.1.2] AndroidManifest.xml:31:13-36
203
204        <activity
204-->[com.google.android.gms:play-services-auth:20.3.0] AndroidManifest.xml:23:9-27:75
205            android:name="com.google.android.gms.auth.api.signin.internal.SignInHubActivity"
205-->[com.google.android.gms:play-services-auth:20.3.0] AndroidManifest.xml:24:13-93
206            android:excludeFromRecents="true"
206-->[com.google.android.gms:play-services-auth:20.3.0] AndroidManifest.xml:25:13-46
207            android:exported="false"
207-->[com.google.android.gms:play-services-auth:20.3.0] AndroidManifest.xml:26:13-37
208            android:theme="@android:style/Theme.Translucent.NoTitleBar" />
208-->[com.google.android.gms:play-services-auth:20.3.0] AndroidManifest.xml:27:13-72
209        <!--
210            Service handling Google Sign-In user revocation. For apps that do not integrate with
211            Google Sign-In, this service will never be started.
212        -->
213        <service
213-->[com.google.android.gms:play-services-auth:20.3.0] AndroidManifest.xml:33:9-37:51
214            android:name="com.google.android.gms.auth.api.signin.RevocationBoundService"
214-->[com.google.android.gms:play-services-auth:20.3.0] AndroidManifest.xml:34:13-89
215            android:exported="true"
215-->[com.google.android.gms:play-services-auth:20.3.0] AndroidManifest.xml:35:13-36
216            android:permission="com.google.android.gms.auth.api.signin.permission.REVOCATION_NOTIFICATION"
216-->[com.google.android.gms:play-services-auth:20.3.0] AndroidManifest.xml:36:13-107
217            android:visibleToInstantApps="true" />
217-->[com.google.android.gms:play-services-auth:20.3.0] AndroidManifest.xml:37:13-48
218
219        <activity
219-->[com.google.android.gms:play-services-base:18.0.1] AndroidManifest.xml:20:9-22:45
220            android:name="com.google.android.gms.common.api.GoogleApiActivity"
220-->[com.google.android.gms:play-services-base:18.0.1] AndroidManifest.xml:20:19-85
221            android:exported="false"
221-->[com.google.android.gms:play-services-base:18.0.1] AndroidManifest.xml:22:19-43
222            android:theme="@android:style/Theme.Translucent.NoTitleBar" />
222-->[com.google.android.gms:play-services-base:18.0.1] AndroidManifest.xml:21:19-78
223
224        <receiver
224-->[com.google.android.gms:play-services-measurement:21.1.1] AndroidManifest.xml:29:9-33:20
225            android:name="com.google.android.gms.measurement.AppMeasurementReceiver"
225-->[com.google.android.gms:play-services-measurement:21.1.1] AndroidManifest.xml:30:13-85
226            android:enabled="true"
226-->[com.google.android.gms:play-services-measurement:21.1.1] AndroidManifest.xml:31:13-35
227            android:exported="false" >
227-->[com.google.android.gms:play-services-measurement:21.1.1] AndroidManifest.xml:32:13-37
228        </receiver>
229
230        <service
230-->[com.google.android.gms:play-services-measurement:21.1.1] AndroidManifest.xml:35:9-38:40
231            android:name="com.google.android.gms.measurement.AppMeasurementService"
231-->[com.google.android.gms:play-services-measurement:21.1.1] AndroidManifest.xml:36:13-84
232            android:enabled="true"
232-->[com.google.android.gms:play-services-measurement:21.1.1] AndroidManifest.xml:37:13-35
233            android:exported="false" />
233-->[com.google.android.gms:play-services-measurement:21.1.1] AndroidManifest.xml:38:13-37
234        <service
234-->[com.google.android.gms:play-services-measurement:21.1.1] AndroidManifest.xml:39:9-43:72
235            android:name="com.google.android.gms.measurement.AppMeasurementJobService"
235-->[com.google.android.gms:play-services-measurement:21.1.1] AndroidManifest.xml:40:13-87
236            android:enabled="true"
236-->[com.google.android.gms:play-services-measurement:21.1.1] AndroidManifest.xml:41:13-35
237            android:exported="false"
237-->[com.google.android.gms:play-services-measurement:21.1.1] AndroidManifest.xml:42:13-37
238            android:permission="android.permission.BIND_JOB_SERVICE" />
238-->[com.google.android.gms:play-services-measurement:21.1.1] AndroidManifest.xml:43:13-69
239
240        <meta-data
240-->[com.google.android.gms:play-services-basement:18.1.0] AndroidManifest.xml:21:9-23:69
241            android:name="com.google.android.gms.version"
241-->[com.google.android.gms:play-services-basement:18.1.0] AndroidManifest.xml:22:13-58
242            android:value="@integer/google_play_services_version" />
242-->[com.google.android.gms:play-services-basement:18.1.0] AndroidManifest.xml:23:13-66
243    </application>
244
245</manifest>